<?xml version="1.0" encoding="UTF-8"?>
<!-- Generated by org.testng.reporters.JUnitXMLReporter -->
<testsuite hostname="MIRITDLTNILM1" ignored="0" name="JPay Facility Tests" tests="22" failures="0" timestamp="23 Jan 2020 16:05:07 GMT" time="83.147" errors="0">
  <testcase name="loginPageValidation" time="6.716" classname="jpay.testcases.facility.LoginPage"/>
  <testcase name="emptyUsername" time="0.662" classname="jpay.testcases.facility.LoginPage"/>
  <testcase name="forgotPassword" time="0.561" classname="jpay.testcases.facility.LoginPage"/>
  <testcase name="returnToLogin" time="0.097" classname="jpay.testcases.facility.LoginPage"/>
  <testcase name="forgotUserName" time="0.604" classname="jpay.testcases.facility.LoginPage"/>
  <testcase name="userLogin" time="0.901" classname="jpay.testcases.facility.LoginPage"/>
  <testcase name="moneyPageValidation" time="6.458" classname="jpay.testcases.facility.MoneyPage"/>
  <testcase name="despositHistory" time="0.047" classname="jpay.testcases.facility.MoneyPage"/>
  <testcase name="checkBatch" time="0.475" classname="jpay.testcases.facility.MoneyPage"/>
  <testcase name="checkReport" time="0.352" classname="jpay.testcases.facility.MoneyPage"/>
  <testcase name="checkExport" time="0.367" classname="jpay.testcases.facility.MoneyPage"/>
  <testcase name="checkReceipts" time="3.548" classname="jpay.testcases.facility.MoneyPage"/>
  <testcase name="validateMonthlyTotalsReportPage" time="6.946" classname="jpay.testcases.facility.MonthlyTotalsReportPage"/>
  <testcase name="generateMonthlyReport" time="3.077" classname="jpay.testcases.facility.MonthlyTotalsReportPage"/>
  <testcase name="downloadMonthlyReport" time="0.164" classname="jpay.testcases.facility.MonthlyTotalsReportPage"/>
  <testcase name="validateWeeklyDepositReport" time="0.526" classname="jpay.testcases.facility.MonthlyTotalsReportPage"/>
  <testcase name="viewWeeklyDepositReport" time="5.566" classname="jpay.testcases.facility.MonthlyTotalsReportPage"/>
  <testcase name="downWeeklyDepositReport" time="0.215" classname="jpay.testcases.facility.MonthlyTotalsReportPage"/>
  <testcase name="validateHomePage" time="6.479" classname="jpay.testcases.www.HomePage"/>
  <testcase name="validateFooterLinks" time="23.542" classname="jpay.testcases.www.HomePage"/>
  <testcase name="userLogin" time="6.728" classname="jpay.testcases.facility.LoginJSON"/>
  <testcase name="userLogin" time="6.68" classname="jpay.testcases.facility.LoginJSON"/>
</testsuite> <!-- JPay Facility Tests -->
