<?xml version="1.0" encoding="UTF-8"?>
<!-- Generated by org.testng.reporters.JUnitXMLReporter -->
<testsuite hostname="MIRITDLTNILM1" ignored="1" name="JPay Tests" tests="2" failures="1" timestamp="12 Nov 2019 15:26:38 GMT" time="28.13" errors="0">
  <testcase name="loginValidation" time="9.637" classname="jpay.testcases.facility.LoginPage"/>
  <testcase name="validateHomePage" time="14.521" classname="jpay.testcases.www.HomePage">
    <failure type="java.lang.NullPointerException">
      <![CDATA[java.lang.NullPointerException
at jpay.testcases.www.HomePage.validateHomePage(HomePage.java:17)
... Removed 25 stack frames]]>
    </failure>
  </testcase> <!-- validateHomePage -->
  <testcase name="@AfterSuite quitBrowser" time="0.0" classname="jpay.baseclasses.DriverEvents">
    <ignored/>
  </testcase> <!-- @AfterSuite quitBrowser -->
</testsuite> <!-- JPay Tests -->
