<?xml version="1.0" encoding="UTF-8"?>
<testsuite xmlns:xsi="http://www.w3.org/2001/XMLSchema-instance" xsi:noNamespaceSchemaLocation="https://maven.apache.org/surefire/maven-surefire-plugin/xsd/surefire-test-report-3.0.xsd" version="3.0" name="TestSuite" time="137.644" tests="26" errors="0" skipped="0" failures="0">
  <properties>
[...]
</properties>
  <testcase name="forgotPassword" classname="jpay.testcases.facility.LoginPage" time="7.924"/>
  <testcase name="forgotUserName" classname="jpay.testcases.facility.LoginPage" time="0.802"/>
  <testcase name="userLogin" classname="jpay.testcases.facility.LoginPage" time="1.675"/>
  <testcase name="goToMoneyPage" classname="jpay.testcases.facility.MoneyPage" time="8.277"/>
  <testcase name="checkADepositHistoryBatch" classname="jpay.testcases.facility.MoneyPage" time="1.394"/>
  <testcase name="downloadAReport" classname="jpay.testcases.facility.MoneyPage" time="1.058"/>
  <testcase name="downloadAReceipt" classname="jpay.testcases.facility.MoneyPage" time="12.277"/>
  <testcase name="checkBookingKioskID" classname="jpay.testcases.facility.MoneyPage" time="1.629"/>
  <testcase name="checkBookingKioskIDBatch" classname="jpay.testcases.facility.MoneyPage" time="0.887"/>
  <testcase name="exportBookingKioskBatchExcel" classname="jpay.testcases.facility.MoneyPage" time="0.801"/>
  <testcase name="checkKioskActivityID" classname="jpay.testcases.facility.MoneyPage" time="1.225"/>
  <testcase name="checkKioskActivityBatchID" classname="jpay.testcases.facility.MoneyPage" time="0.141"/>
  <testcase name="exportKioskActivityBatchExcel" classname="jpay.testcases.facility.MoneyPage" time="0.673"/>
  <testcase name="showRecapReport" classname="jpay.testcases.facility.MoneyPage" time="14.779"/>
  <testcase name="searchByInmateID" classname="jpay.testcases.facility.MoneyPage" time="7.077"/>
  <testcase name="searchByInmateFullName" classname="jpay.testcases.facility.MoneyPage" time="6.707"/>
  <testcase name="searchByCustomerFirstName" classname="jpay.testcases.facility.MoneyPage" time="6.776"/>
  <testcase name="searchByCustomerLastName" classname="jpay.testcases.facility.MoneyPage" time="6.727"/>
  <testcase name="searchByCustomerFullName" classname="jpay.testcases.facility.MoneyPage" time="6.822"/>
  <testcase name="searchByCustomerAccountID" classname="jpay.testcases.facility.MoneyPage" time="6.673"/>
  <testcase name="searchByBatchNumber" classname="jpay.testcases.facility.MoneyPage" time="6.881"/>
  <testcase name="searchByReferenceNumber" classname="jpay.testcases.facility.MoneyPage" time="6.845"/>
  <testcase name="searchByTransactionNumber" classname="jpay.testcases.facility.MoneyPage" time="6.703"/>
  <testcase name="userLogoutFacility" classname="jpay.testcases.facility.MoneyPage" time="0.153"/>
  <testcase name="generateMonthlyReport" classname="jpay.testcases.facility.MoneyPage" time="7.527"/>
  <testcase name="generateWeeklyDepositReport" classname="jpay.testcases.facility.MoneyPage" time="12.031"/>
</testsuite>