<?xml version="1.0" encoding="UTF-8"?>
<!-- Generated by org.testng.reporters.JUnitXMLReporter -->
<testsuite hostname="MIRITDLTNILM1" ignored="1" name="JPay Tests" tests="2" failures="0" timestamp="12 Nov 2019 13:11:58 GMT" time="11.722" errors="0">
  <testcase name="loginValidation" time="5.55" classname="jpay.testcases.facility.LoginPage"/>
  <testcase name="validateHomePage" time="5.984" classname="jpay.testcases.www.HomePageValidation"/>
  <testcase name="@AfterSuite quitBrowser" time="0.0" classname="jpay.baseclasses.DriverEvents">
    <ignored/>
  </testcase> <!-- @AfterSuite quitBrowser -->
</testsuite> <!-- JPay Tests -->
